17:27:01.163 [main] INFO  testCases.TC_001_AccountRegistrationTest - Clicked on Login account
17:27:01.180 [main] ERROR testCases.TC_001_AccountRegistrationTest - test failed..
17:27:01.181 [main] DEBUG testCases.TC_001_AccountRegistrationTest - debug logs....
17:28:01.076 [main] INFO  testCases.TC_001_AccountRegistrationTest - **** starting TC_001_AccountRegistrationTest  *****
17:28:01.091 [main] DEBUG testCases.TC_001_AccountRegistrationTest - application logs started......
17:28:01.154 [main] INFO  testCases.TC_001_AccountRegistrationTest - Clicked on Login account
17:28:01.156 [main] ERROR testCases.TC_001_AccountRegistrationTest - test failed..
17:28:01.157 [main] DEBUG testCases.TC_001_AccountRegistrationTest - debug logs....
18:58:29.561 [main] INFO  testCases.TC_001_AccountRegistrationTest - **** starting TC_001_AccountRegistrationTest  *****
18:58:29.586 [main] DEBUG testCases.TC_001_AccountRegistrationTest - application logs started......
18:58:29.646 [main] INFO  testCases.TC_001_AccountRegistrationTest - Clicked on Login account
18:58:29.648 [main] ERROR testCases.TC_001_AccountRegistrationTest - test failed..
18:58:29.648 [main] DEBUG testCases.TC_001_AccountRegistrationTest - debug logs....
19:00:18.138 [main] INFO  testCases.TC_001_AccountRegistrationTest - **** starting TC_001_AccountRegistrationTest  *****
19:00:18.160 [main] DEBUG testCases.TC_001_AccountRegistrationTest - application logs started......
19:00:18.246 [main] INFO  testCases.TC_001_AccountRegistrationTest - Clicked on Login account
19:00:18.248 [main] ERROR testCases.TC_001_AccountRegistrationTest - test failed..
19:00:18.248 [main] DEBUG testCases.TC_001_AccountRegistrationTest - debug logs....
19:04:40.083 [main] INFO  testCases.TC_001_AccountRegistrationTest - **** starting TC_001_AccountRegistrationTest  *****
19:04:40.090 [main] DEBUG testCases.TC_001_AccountRegistrationTest - application logs started......
19:04:40.142 [main] INFO  testCases.TC_001_AccountRegistrationTest - Clicked on Login account
19:04:40.143 [main] ERROR testCases.TC_001_AccountRegistrationTest - test failed..
19:04:40.143 [main] DEBUG testCases.TC_001_AccountRegistrationTest - debug logs....
