17:11:53.232 [main] DEBUG testCases.TC_001_AccountRegistrationTest - application logs started......
17:12:10.071 [main] INFO  testCases.TC_001_AccountRegistrationTest - Clicked on Login account
17:12:13.115 [main] ERROR testCases.TC_001_AccountRegistrationTest - test failed..
17:12:13.116 [main] DEBUG testCases.TC_001_AccountRegistrationTest - debug logs....
17:12:21.670 [main] INFO  testCases.TC_001_AccountRegistrationTest - **** starting TC_001_AccountRegistrationTest  *****
17:12:21.686 [main] DEBUG testCases.TC_001_AccountRegistrationTest - application logs started......
17:12:26.077 [main] INFO  testCases.TC_001_AccountRegistrationTest - Clicked on Login account
17:12:29.128 [main] ERROR testCases.TC_001_AccountRegistrationTest - test failed..
17:12:29.128 [main] DEBUG testCases.TC_001_AccountRegistrationTest - debug logs....
17:13:01.873 [main] INFO  testCases.TC_001_AccountRegistrationTest - **** starting TC_001_AccountRegistrationTest  *****
17:13:01.883 [main] DEBUG testCases.TC_001_AccountRegistrationTest - application logs started......
17:13:06.227 [main] INFO  testCases.TC_001_AccountRegistrationTest - Clicked on Login account
17:13:09.231 [main] ERROR testCases.TC_001_AccountRegistrationTest - test failed..
17:13:09.231 [main] DEBUG testCases.TC_001_AccountRegistrationTest - debug logs....
17:14:09.032 [main] INFO  testCases.TC_001_AccountRegistrationTest - **** starting TC_001_AccountRegistrationTest  *****
17:14:09.041 [main] DEBUG testCases.TC_001_AccountRegistrationTest - application logs started......
17:14:28.899 [main] INFO  testCases.TC_001_AccountRegistrationTest - Clicked on Login account
17:14:31.912 [main] ERROR testCases.TC_001_AccountRegistrationTest - test failed..
17:14:31.912 [main] DEBUG testCases.TC_001_AccountRegistrationTest - debug logs....
17:15:07.203 [main] INFO  testCases.TC_001_AccountRegistrationTest - **** starting TC_001_AccountRegistrationTest  *****
17:15:07.217 [main] DEBUG testCases.TC_001_AccountRegistrationTest - application logs started......
17:15:07.263 [main] INFO  testCases.TC_001_AccountRegistrationTest - Clicked on Login account
17:15:07.265 [main] DEBUG testCases.TC_001_AccountRegistrationTest - application logs end.......
17:15:07.265 [main] INFO  testCases.TC_001_AccountRegistrationTest - **** finished TC_001_AccountRegistrationTest  *****
17:23:10.586 [main] INFO  testCases.TC_001_AccountRegistrationTest - **** starting TC_001_AccountRegistrationTest  *****
17:23:10.647 [main] DEBUG testCases.TC_001_AccountRegistrationTest - application logs started......
17:23:10.740 [main] INFO  testCases.TC_001_AccountRegistrationTest - Clicked on Login account
17:23:10.742 [main] ERROR testCases.TC_001_AccountRegistrationTest - test failed..
17:23:10.742 [main] DEBUG testCases.TC_001_AccountRegistrationTest - debug logs....
17:23:54.565 [main] INFO  testCases.TC_001_AccountRegistrationTest - **** starting TC_001_AccountRegistrationTest  *****
17:23:54.577 [main] DEBUG testCases.TC_001_AccountRegistrationTest - application logs started......
17:23:54.663 [main] INFO  testCases.TC_001_AccountRegistrationTest - Clicked on Login account
17:23:54.665 [main] ERROR testCases.TC_001_AccountRegistrationTest - test failed..
17:23:54.666 [main] DEBUG testCases.TC_001_AccountRegistrationTest - debug logs....
17:24:45.290 [main] INFO  testCases.TC_001_AccountRegistrationTest - **** starting TC_001_AccountRegistrationTest  *****
17:24:45.297 [main] DEBUG testCases.TC_001_AccountRegistrationTest - application logs started......
17:24:45.338 [main] INFO  testCases.TC_001_AccountRegistrationTest - Clicked on Login account
17:24:45.339 [main] ERROR testCases.TC_001_AccountRegistrationTest - test failed..
17:24:45.340 [main] DEBUG testCases.TC_001_AccountRegistrationTest - debug logs....
17:25:13.534 [main] INFO  testCases.TC_001_AccountRegistrationTest - **** starting TC_001_AccountRegistrationTest  *****
17:25:13.558 [main] DEBUG testCases.TC_001_AccountRegistrationTest - application logs started......
17:25:13.620 [main] INFO  testCases.TC_001_AccountRegistrationTest - Clicked on Login account
17:25:13.620 [main] ERROR testCases.TC_001_AccountRegistrationTest - test failed..
17:25:13.620 [main] DEBUG testCases.TC_001_AccountRegistrationTest - debug logs....
17:25:55.216 [main] INFO  testCases.TC_001_AccountRegistrationTest - **** starting TC_001_AccountRegistrationTest  *****
17:25:55.257 [main] DEBUG testCases.TC_001_AccountRegistrationTest - application logs started......
17:25:55.332 [main] INFO  testCases.TC_001_AccountRegistrationTest - Clicked on Login account
17:25:55.335 [main] ERROR testCases.TC_001_AccountRegistrationTest - test failed..
17:25:55.336 [main] DEBUG testCases.TC_001_AccountRegistrationTest - debug logs....
17:27:01.083 [main] INFO  testCases.TC_001_AccountRegistrationTest - **** starting TC_001_AccountRegistrationTest  *****
17:27:01.095 [main] DEBUG testCases.TC_001_AccountRegistrationTest - application logs started......
